<?xml version="1.0" encoding="UTF-8"?>
<!-- Generated by org.testng.reporters.JUnitReportReporter -->
<testsuite skipped="0" hostname="Dell" name="Day2.ActionsWithKeyboard" tests="1" failures="0" timestamp="03 Dec 2019 17:01:48 GMT" time="40.657" errors="0">
  <testcase name="actionTest" time="40.657" classname="Day2.ActionsWithKeyboard"/>
</testsuite> <!-- Day2.ActionsWithKeyboard -->
