<?xml version="1.0" encoding="UTF-8"?>
<!-- Generated by org.testng.reporters.JUnitReportReporter -->
<testsuite skipped="0" hostname="Dell" name="Day1.WindowHandlingDemo" tests="1" failures="0" timestamp="12 Nov 2019 17:31:44 GMT" time="263.622" errors="0">
  <testcase name="windowTest" time="263.622" classname="Day1.WindowHandlingDemo"/>
</testsuite> <!-- Day1.WindowHandlingDemo -->
