<?xml version="1.0" encoding="UTF-8"?>
<!-- Generated by org.testng.reporters.JUnitReportReporter -->
<testsuite skipped="0" hostname="Dell" name="Day2.ExtendReportsDemo" tests="1" failures="0" timestamp="14 Nov 2019 04:18:45 GMT" time="20.357" errors="0">
  <testcase name="extentReportDemo" time="20.357" classname="Day2.ExtendReportsDemo"/>
</testsuite> <!-- Day2.ExtendReportsDemo -->
