<?xml version="1.0" encoding="UTF-8"?>
<!-- Generated by org.testng.reporters.JUnitReportReporter -->
<testsuite skipped="0" hostname="Dell" name="Day2.ActionsWithMouse" tests="2" failures="0" timestamp="13 Nov 2019 04:42:16 GMT" time="44.082" errors="0">
  <testcase name="actionTest" time="25.722" classname="Day2.ActionsWithMouse"/>
  <testcase name="actionTest1" time="18.360" classname="Day2.ActionsWithMouse"/>
</testsuite> <!-- Day2.ActionsWithMouse -->
