<?xml version="1.0" encoding="UTF-8"?>
<!-- Generated by org.testng.reporters.JUnitReportReporter -->
<testsuite skipped="0" hostname="Dell" name="Day1.AlertDemo" tests="1" failures="0" timestamp="11 Nov 2019 14:35:44 GMT" time="130.896" errors="0">
  <testcase name="alertTest" time="130.896" classname="Day1.AlertDemo"/>
</testsuite> <!-- Day1.AlertDemo -->
