<?xml version="1.0" encoding="UTF-8"?>
<!-- Generated by org.testng.reporters.JUnitReportReporter -->
<testsuite skipped="0" hostname="Dell" name="Day2.ActionsWithMouse" tests="2" failures="0" timestamp="03 Dec 2019 17:24:13 GMT" time="49.855" errors="0">
  <testcase name="actionTest" time="30.657" classname="Day2.ActionsWithMouse"/>
  <testcase name="actionTest1" time="19.198" classname="Day2.ActionsWithMouse"/>
</testsuite> <!-- Day2.ActionsWithMouse -->
